{
  "uid" : "ac970e4cf7dc0190",
  "name" : "test_sub[minus]",
  "fullName" : "test_calc.TestCalc#test_sub",
  "historyId" : "e8250a00e43a261aa44d48df177e89c2",
  "time" : {
    "start" : 1608121002342,
    "stop" : 1608121002343,
    "duration" : 1
  },
  "status" : "failed",
  "statusMessage" : "AssertionError: assert 2 == 3\n  +2\n  -3",
  "statusTrace" : "self = <test_calc.TestCalc object at 0x10618ed90>, a = 0, b = -2, expect = 2, myfixture = None\n\n    @pytest.mark.run(order=3)   # 用例排序\n    @pytest.mark.flaky(retuns=3, reruns_delay=2)    # 失败后重新运行\n    @pytest.mark.parametrize('a,b,expect', get_datas()[1], ids=get_datas()[4])  # 数据驱动\n    def test_sub(self, a, b, expect, myfixture):\n>       assert expect == a - b + 1\nE       assert 2 == 3\nE         +2\nE         -3\n\ntest_calc.py:35: AssertionError",
  "flaky" : false,
  "newFailed" : false,
  "beforeStages" : [ {
    "name" : "myfixture",
    "time" : {
      "start" : 1608120998262,
      "stop" : 1608120998262,
      "duration" : 0
    },
    "status" : "passed",
    "steps" : [ ],
    "attachments" : [ ],
    "parameters" : [ ],
    "stepsCount" : 0,
    "attachmentsCount" : 0,
    "shouldDisplayMessage" : false,
    "hasContent" : false
  } ],
  "afterStages" : [ {
    "name" : "myfixture::0",
    "time" : {
      "start" : 1608121004378,
      "stop" : 1608121004378,
      "duration" : 0
    },
    "status" : "passed",
    "steps" : [ ],
    "attachments" : [ ],
    "parameters" : [ ],
    "stepsCount" : 0,
    "attachmentsCount" : 0,
    "shouldDisplayMessage" : false,
    "hasContent" : false
  } ],
  "labels" : [ {
    "name" : "tag",
    "value" : "run(order=3)"
  }, {
    "name" : "tag",
    "value" : "flaky(retuns=3, reruns_delay=2)"
  }, {
    "name" : "suite",
    "value" : "test_calc"
  }, {
    "name" : "subSuite",
    "value" : "TestCalc"
  }, {
    "name" : "host",
    "value" : "bogon"
  }, {
    "name" : "thread",
    "value" : "92175-MainThread"
  }, {
    "name" : "framework",
    "value" : "pytest"
  }, {
    "name" : "language",
    "value" : "cpython3"
  }, {
    "name" : "package",
    "value" : "test_calc"
  }, {
    "name" : "resultFormat",
    "value" : "allure2"
  } ],
  "parameters" : [ {
    "name" : "a",
    "value" : "0"
  }, {
    "name" : "b",
    "value" : "-2"
  }, {
    "name" : "expect",
    "value" : "2"
  } ],
  "links" : [ ],
  "hidden" : false,
  "retry" : false,
  "extra" : {
    "severity" : "normal",
    "retries" : [ {
      "uid" : "4e601655770df235",
      "status" : "failed",
      "statusDetails" : "AssertionError: assert 2 == 3\n  +2\n  -3",
      "time" : {
        "start" : 1608121000331,
        "stop" : 1608121000331,
        "duration" : 0
      }
    } ],
    "categories" : [ {
      "name" : "Product defects",
      "matchedStatuses" : [ ],
      "flaky" : false
    } ],
    "tags" : [ "run(order=3)", "flaky(retuns=3, reruns_delay=2)" ]
  },
  "source" : "ac970e4cf7dc0190.json",
  "parameterValues" : [ "0", "-2", "2" ]
}